<?xml version="1.0" encoding="UTF-8"?>
<!-- Generated by org.testng.reporters.JUnitXMLReporter -->
<testsuite ignored="0" hostname="Enthrall_IT" failures="0" tests="3" name="Default test" time="28.919" errors="0" timestamp="2022-12-20T22:09:47 EST">
  <testcase classname="testPages.HomePageTest" name="clickNewUserRegistrationTest" time="3.056"/>
  <testcase classname="testPages.HomePageTest" name="clickUserIdTest" time="3.063"/>
  <testcase classname="testPages.HomePageTest" name="clickLoginButtonTest" time="3.058"/>
</testsuite> <!-- Default test -->
