<?xml version="1.0" encoding="UTF-8"?>
<testng-results ignored="0" total="3" passed="3" failed="0" skipped="0">
  <reporter-output>
  </reporter-output>
  <suite started-at="2022-12-20T22:09:18 EST" name="Default suite" finished-at="2022-12-20T22:09:47 EST" duration-ms="28919">
    <groups>
    </groups>
    <test started-at="2022-12-20T22:09:18 EST" name="Default test" finished-at="2022-12-20T22:09:47 EST" duration-ms="28919">
      <class name="testPages.HomePageTest">
        <test-method is-config="true" signature="setUp()[pri:0, instance:testPages.HomePageTest@1e1a0406]" started-at="2022-12-20T22:09:18 EST" name="setUp" finished-at="2022-12-20T22:09:23 EST" duration-ms="5582" status="PASS">
          <reporter-output>
          </reporter-output>
        </test-method> <!-- setUp -->
        <test-method signature="clickNewUserRegistrationTest()[pri:1, instance:testPages.HomePageTest@1e1a0406]" started-at="2022-12-20T22:09:23 EST" name="clickNewUserRegistrationTest" finished-at="2022-12-20T22:09:26 EST" duration-ms="3056" status="PASS">
          <reporter-output>
          </reporter-output>
        </test-method> <!-- clickNewUserRegistrationTest -->
        <test-method is-config="true" signature="tearUp()[pri:0, instance:testPages.HomePageTest@1e1a0406]" started-at="2022-12-20T22:09:26 EST" name="tearUp" finished-at="2022-12-20T22:09:27 EST" duration-ms="261" status="PASS">
          <reporter-output>
          </reporter-output>
        </test-method> <!-- tearUp -->
        <test-method is-config="true" signature="setUp()[pri:0, instance:testPages.HomePageTest@1e1a0406]" started-at="2022-12-20T22:09:27 EST" name="setUp" finished-at="2022-12-20T22:09:33 EST" duration-ms="6402" status="PASS">
          <reporter-output>
          </reporter-output>
        </test-method> <!-- setUp -->
        <test-method signature="clickUserIdTest()[pri:2, instance:testPages.HomePageTest@1e1a0406]" started-at="2022-12-20T22:09:33 EST" name="clickUserIdTest" finished-at="2022-12-20T22:09:36 EST" duration-ms="3063" status="PASS">
          <reporter-output>
          </reporter-output>
        </test-method> <!-- clickUserIdTest -->
        <test-method is-config="true" signature="tearUp()[pri:0, instance:testPages.HomePageTest@1e1a0406]" started-at="2022-12-20T22:09:36 EST" name="tearUp" finished-at="2022-12-20T22:09:36 EST" duration-ms="249" status="PASS">
          <reporter-output>
          </reporter-output>
        </test-method> <!-- tearUp -->
        <test-method is-config="true" signature="setUp()[pri:0, instance:testPages.HomePageTest@1e1a0406]" started-at="2022-12-20T22:09:36 EST" name="setUp" finished-at="2022-12-20T22:09:43 EST" duration-ms="7064" status="PASS">
          <reporter-output>
          </reporter-output>
        </test-method> <!-- setUp -->
        <test-method signature="clickLoginButtonTest()[pri:3, instance:testPages.HomePageTest@1e1a0406]" started-at="2022-12-20T22:09:43 EST" name="clickLoginButtonTest" finished-at="2022-12-20T22:09:46 EST" duration-ms="3058" status="PASS">
          <reporter-output>
          </reporter-output>
        </test-method> <!-- clickLoginButtonTest -->
        <test-method is-config="true" signature="tearUp()[pri:0, instance:testPages.HomePageTest@1e1a0406]" started-at="2022-12-20T22:09:46 EST" name="tearUp" finished-at="2022-12-20T22:09:47 EST" duration-ms="153" status="PASS">
          <reporter-output>
          </reporter-output>
        </test-method> <!-- tearUp -->
      </class> <!-- testPages.HomePageTest -->
    </test> <!-- Default test -->
  </suite> <!-- Default suite -->
</testng-results>
